<?xml version="1.0" encoding="UTF-8"?>
<!-- Generated by org.testng.reporters.JUnitReportReporter -->
<testsuite hostname="Shahid-PC" failures="0" tests="1" name="TestPackage.TestClass" time="5.667" errors="0" timestamp="2025-06-17T09:44:53 PKT" skipped="0">
  <testcase classname="TestPackage.TestClass" name="loginWithExplicitWaitAndReport" time="5.667"/>
</testsuite> <!-- TestPackage.TestClass -->
