<?xml version="1.0" encoding="UTF-8"?>
<!-- Generated by org.testng.reporters.JUnitReportReporter -->
<testsuite hostname="Shahid-PC" failures="0" tests="2" name="TestPackage.EcommerceCheckFlow" time="58.921" errors="0" timestamp="2025-08-04T11:49:20 PKT" skipped="0">
  <testcase classname="TestPackage.EcommerceCheckFlow" name="testLoginScenarios" time="28.058"/>
  <testcase classname="TestPackage.EcommerceCheckFlow" name="testInternalUserScenarios" time="30.863"/>
</testsuite> <!-- TestPackage.EcommerceCheckFlow -->
