<?xml version="1.0" encoding="UTF-8"?>
<!-- Generated by org.testng.reporters.JUnitReportReporter -->
<testsuite hostname="Shahid-PC" failures="0" tests="1" name="TestPackage.LoginScenarios" time="12.345" errors="0" timestamp="2025-06-20T10:58:08 PKT" skipped="0">
  <testcase classname="TestPackage.LoginScenarios" name="runLoginScenarios" time="12.345"/>
</testsuite> <!-- TestPackage.LoginScenarios -->
