<?xml version="1.0" encoding="UTF-8"?>
<!-- Generated by org.testng.reporters.JUnitReportReporter -->
<testsuite hostname="Shahid-PC" failures="0" tests="1" name="TestPackage.LoginScenarios" time="12.883" errors="0" timestamp="2025-06-19T15:13:09 PKT" skipped="0">
  <testcase classname="TestPackage.LoginScenarios" name="runLoginScenarios" time="12.883"/>
</testsuite> <!-- TestPackage.LoginScenarios -->
