<?xml version="1.0" encoding="UTF-8"?>
<!-- Generated by org.testng.reporters.JUnitReportReporter -->
<testsuite hostname="Shahid-PC" failures="0" tests="3" name="runners.TestRunner" time="25.325" errors="0" timestamp="2025-06-23T10:11:05 PKT" skipped="0">
  <testcase classname="runners.TestRunner" name="runScenario" time="6.172"/>
  <testcase classname="runners.TestRunner" name="runScenario" time="2.680"/>
  <testcase classname="runners.TestRunner" name="runScenario" time="16.473"/>
</testsuite> <!-- runners.TestRunner -->
