<?xml version="1.0" encoding="UTF-8"?>
<!-- Generated by org.testng.reporters.JUnitReportReporter -->
<testsuite hostname="Shahid-PC" failures="0" tests="1" name="TestPackage.TestClass" time="4.487" errors="0" timestamp="2025-06-13T14:49:45 PKT" skipped="0">
  <testcase classname="TestPackage.TestClass" name="loginWithExplicitWaitAndReport" time="4.487"/>
</testsuite> <!-- TestPackage.TestClass -->
