<?xml version="1.0" encoding="UTF-8"?>
<!-- Generated by org.testng.reporters.JUnitReportReporter -->
<testsuite hostname="Shahid-PC" failures="0" tests="1" name="TestPackage.TpLogin" time="10.533" errors="0" timestamp="2025-06-19T01:01:07 PKT" skipped="0">
  <testcase classname="TestPackage.TpLogin" name="CoDash_LoginPage" time="10.533"/>
</testsuite> <!-- TestPackage.TpLogin -->
