<?xml version="1.0" encoding="UTF-8"?>
<!-- Generated by org.testng.reporters.JUnitReportReporter -->
<testsuite hostname="Shahid-PC" failures="0" tests="1" name="TestPackage.DragDropTest" time="52.283" errors="0" timestamp="2025-07-10T12:07:28 PKT" skipped="0">
  <testcase classname="TestPackage.DragDropTest" name="testAdvancedActions" time="52.283"/>
</testsuite> <!-- TestPackage.DragDropTest -->
