<?xml version="1.0" encoding="UTF-8"?>
<!-- Generated by org.testng.reporters.JUnitReportReporter -->
<testsuite hostname="Shahid-PC" failures="0" tests="1" name="TestPackage.LoginScenarios" time="13.303" errors="0" timestamp="2025-07-10T11:11:15 PKT" skipped="0">
  <testcase classname="TestPackage.LoginScenarios" name="runLoginScenarios" time="13.303"/>
</testsuite> <!-- TestPackage.LoginScenarios -->
