<?xml version="1.0" encoding="UTF-8"?>
<!-- Generated by org.testng.reporters.JUnitReportReporter -->
<testsuite hostname="Shahid-PC" failures="0" tests="4" name="TestPackage.OrangeHRM_LoginTest" time="27.406" errors="0" timestamp="2025-06-18T09:33:07 PKT" skipped="0">
  <testcase classname="TestPackage.OrangeHRM_LoginTest" name="testInvalidEmail" time="5.874"/>
  <testcase classname="TestPackage.OrangeHRM_LoginTest" name="testInvalidPassword" time="6.786"/>
  <testcase classname="TestPackage.OrangeHRM_LoginTest" name="testBlankCredentials" time="7.957"/>
  <testcase classname="TestPackage.OrangeHRM_LoginTest" name="testValidLogin" time="6.789"/>
</testsuite> <!-- TestPackage.OrangeHRM_LoginTest -->
