<?xml version="1.0" encoding="UTF-8"?>
<!-- Generated by org.testng.reporters.JUnitReportReporter -->
<testsuite hostname="Shahid-PC" failures="0" tests="1" name="TestPackage.LoginDashboardTest" time="19.049" errors="0" timestamp="2025-07-10T12:30:38 PKT" skipped="0">
  <testcase classname="TestPackage.LoginDashboardTest" name="testLoginAndDashboardAndLogout" time="19.049"/>
</testsuite> <!-- TestPackage.LoginDashboardTest -->
