<?xml version="1.0" encoding="UTF-8"?>
<!-- Generated by org.testng.reporters.JUnitReportReporter -->
<testsuite hostname="Shahid-PC" failures="0" tests="2" name="TestPackage.EcommerceCheckFlow" time="50.695" errors="0" timestamp="2025-07-14T17:25:38 PKT" skipped="0">
  <testcase classname="TestPackage.EcommerceCheckFlow" name="testLoginScenarios" time="34.599"/>
  <testcase classname="TestPackage.EcommerceCheckFlow" name="testBranchCreationScenarios" time="16.096"/>
</testsuite> <!-- TestPackage.EcommerceCheckFlow -->
