<?xml version="1.0" encoding="UTF-8"?>
<!-- Generated by org.testng.reporters.JUnitReportReporter -->
<testsuite hostname="Shahid-PC" failures="0" tests="2" name="TestPackage.EcommerceCheckFlow" time="61.367" errors="0" timestamp="2025-08-04T10:17:42 PKT" skipped="0">
  <testcase classname="TestPackage.EcommerceCheckFlow" name="testLoginScenarios" time="28.463"/>
  <testcase classname="TestPackage.EcommerceCheckFlow" name="testInternalUserScenarios" time="32.904"/>
</testsuite> <!-- TestPackage.EcommerceCheckFlow -->
