<?xml version="1.0" encoding="UTF-8"?>
<!-- Generated by org.testng.reporters.JUnitReportReporter -->
<testsuite hostname="Shahid-PC" failures="0" tests="1" name="TestPackage.TpLogin" time="12.572" errors="0" timestamp="2025-07-05T22:28:30 PKT" skipped="0">
  <testcase classname="TestPackage.TpLogin" name="CoDash_LoginPage" time="12.572"/>
</testsuite> <!-- TestPackage.TpLogin -->
